<?xml version="1.0" encoding="UTF-8"?>
<testng-results skipped="0" failed="0" total="1" passed="1">
  <reporter-output>
  </reporter-output>
  <suite name="Default suite" duration-ms="45162" started-at="2019-02-27T08:42:41Z" finished-at="2019-02-27T08:43:27Z">
    <groups>
    </groups>
    <test name="Default test" duration-ms="45162" started-at="2019-02-27T08:42:41Z" finished-at="2019-02-27T08:43:27Z">
      <class name="com.test.webPages.HotWireAssignmentTest">
        <test-method status="PASS" signature="initializeDriver()[pri:0, instance:com.test.webPages.HotWireAssignmentTest@3abbfa04]" name="initializeDriver" is-config="true" duration-ms="8353" started-at="2019-02-27T00:42:41Z" finished-at="2019-02-27T00:42:50Z">
          <reporter-output>
          </reporter-output>
        </test-method> <!-- initializeDriver -->
        <test-method status="PASS" signature="firstTest()[pri:0, instance:com.test.webPages.HotWireAssignmentTest@3abbfa04]" name="firstTest" duration-ms="36356" started-at="2019-02-27T00:42:50Z" finished-at="2019-02-27T00:43:26Z">
          <reporter-output>
          </reporter-output>
        </test-method> <!-- firstTest -->
        <test-method status="PASS" signature="tearDown()[pri:0, instance:com.test.webPages.HotWireAssignmentTest@3abbfa04]" name="tearDown" is-config="true" duration-ms="406" started-at="2019-02-27T00:43:26Z" finished-at="2019-02-27T00:43:27Z">
          <reporter-output>
          </reporter-output>
        </test-method> <!-- tearDown -->
      </class> <!-- com.test.webPages.HotWireAssignmentTest -->
    </test> <!-- Default test -->
  </suite> <!-- Default suite -->
</testng-results>
